<?xml version="1.0" encoding="UTF-8"?>
<testng-results skipped="0" failed="0" total="1" passed="1">
  <reporter-output>
  </reporter-output>
  <suite name="Default suite" duration-ms="6171" started-at="2013-11-15T09:29:04Z" finished-at="2013-11-15T09:29:10Z">
    <groups>
    </groups>
    <test name="Default test" duration-ms="6171" started-at="2013-11-15T09:29:04Z" finished-at="2013-11-15T09:29:10Z">
      <class name="cn.jely.cd.export.service.ExporterServiceTest">
        <test-method status="PASS" signature="springTestContextBeforeTestClass()[pri:0, instance:cn.jely.cd.export.service.ExporterServiceTest@e80842]" name="springTestContextBeforeTestClass" is-config="true" duration-ms="7" started-at="2013-11-15T17:29:04Z" finished-at="2013-11-15T17:29:04Z">
          <reporter-output>
          </reporter-output>
        </test-method> <!-- springTestContextBeforeTestClass -->
        <test-method status="PASS" signature="springTestContextPrepareTestInstance()[pri:0, instance:cn.jely.cd.export.service.ExporterServiceTest@e80842]" name="springTestContextPrepareTestInstance" is-config="true" duration-ms="5143" started-at="2013-11-15T17:29:04Z" depends-on-methods="org.springframework.test.context.testng.AbstractTestNGSpringContextTests.springTestContextBeforeTestClass" finished-at="2013-11-15T17:29:09Z">
          <reporter-output>
          </reporter-output>
        </test-method> <!-- springTestContextPrepareTestInstance -->
        <test-method status="PASS" signature="springTestContextBeforeTestMethod(java.lang.reflect.Method)[pri:0, instance:cn.jely.cd.export.service.ExporterServiceTest@e80842]" name="springTestContextBeforeTestMethod" is-config="true" duration-ms="60" started-at="2013-11-15T17:29:09Z" finished-at="2013-11-15T17:29:09Z">
          <params>
            <param index="0">
              <value>
                <![CDATA[public void cn.jely.cd.export.service.ExporterServiceTest.testFileImport() throws java.io.IOException]]>
              </value>
            </param>
          </params>
          <reporter-output>
          </reporter-output>
        </test-method> <!-- springTestContextBeforeTestMethod -->
        <test-method status="PASS" signature="testFileImport()[pri:0, instance:cn.jely.cd.export.service.ExporterServiceTest@e80842]" name="testFileImport" duration-ms="919" started-at="2013-11-15T17:29:09Z" finished-at="2013-11-15T17:29:10Z">
          <reporter-output>
          </reporter-output>
        </test-method> <!-- testFileImport -->
        <test-method status="PASS" signature="springTestContextAfterTestMethod(java.lang.reflect.Method)[pri:0, instance:cn.jely.cd.export.service.ExporterServiceTest@e80842]" name="springTestContextAfterTestMethod" is-config="true" duration-ms="26" started-at="2013-11-15T17:29:10Z" finished-at="2013-11-15T17:29:10Z">
          <params>
            <param index="0">
              <value>
                <![CDATA[public void cn.jely.cd.export.service.ExporterServiceTest.testFileImport() throws java.io.IOException]]>
              </value>
            </param>
          </params>
          <reporter-output>
          </reporter-output>
        </test-method> <!-- springTestContextAfterTestMethod -->
        <test-method status="PASS" signature="springTestContextAfterTestClass()[pri:0, instance:cn.jely.cd.export.service.ExporterServiceTest@e80842]" name="springTestContextAfterTestClass" is-config="true" duration-ms="0" started-at="2013-11-15T17:29:10Z" finished-at="2013-11-15T17:29:10Z">
          <reporter-output>
          </reporter-output>
        </test-method> <!-- springTestContextAfterTestClass -->
      </class> <!-- cn.jely.cd.export.service.ExporterServiceTest -->
    </test> <!-- Default test -->
  </suite> <!-- Default suite -->
</testng-results>
